error: [UserService.delete] SequelizeDatabaseError: invalid input syntax for type uuid: "tt" {"timestamp":"2022-02-05T13:09:31.658Z"}
error: unable to connect to the database:  database "test_db" does not exist {"name":"SequelizeConnectionError","original":{"code":"3D000","file":"postinit.c","length":92,"line":"879","name":"error","routine":"InitPostgres","severity":"FATAL"},"parent":{"code":"3D000","file":"postinit.c","length":92,"line":"879","name":"error","routine":"InitPostgres","severity":"FATAL"},"stack":"SequelizeConnectionError: database \"test_db\" does not exist\n    at Client._connectionCallback (/var/nodejs/test/theonetech/node_modules/sequelize/dist/lib/dialects/postgres/connection-manager.js:142:24)\n    at Client._handleErrorWhileConnecting (/var/nodejs/test/theonetech/node_modules/pg/lib/client.js:305:19)\n    at Client._handleErrorMessage (/var/nodejs/test/theonetech/node_modules/pg/lib/client.js:325:19)\n    at Connection.emit (node:events:390:28)\n    at /var/nodejs/test/theonetech/node_modules/pg/lib/connection.js:114:12\n    at Parser.parse (/var/nodejs/test/theonetech/node_modules/pg-protocol/dist/parser.js:40:17)\n    at Socket.<anonymous> (/var/nodejs/test/theonetech/node_modules/pg-protocol/dist/index.js:11:42)\n    at Socket.emit (node:events:390:28)\n    at addChunk (node:internal/streams/readable:315:12)\n    at readableAddChunk (node:internal/streams/readable:289:9)","timestamp":"2022-02-05T13:10:22.184Z"}
error: unhandledRejection: SequelizeConnectionError: database "test_db" does not exist {"timestamp":"2022-02-05T13:10:22.188Z"}
error: unhandledRejection:  SequelizeConnectionError: database "test_db" does not exist, [object Promise] {"timestamp":"2022-02-05T13:10:22.189Z"}
error: unhandledRejection: Error: User.hasMany called with something that's not a subclass of Sequelize.Model {"timestamp":"2022-02-05T13:25:21.583Z"}
error: unhandledRejection:  Error: User.hasMany called with something that's not a subclass of Sequelize.Model, [object Promise] {"timestamp":"2022-02-05T13:25:21.584Z"}
error: unhandledRejection: Error: User.hasMany called with something that's not a subclass of Sequelize.Model {"timestamp":"2022-02-05T13:26:47.608Z"}
error: unhandledRejection:  Error: User.hasMany called with something that's not a subclass of Sequelize.Model, [object Promise] {"timestamp":"2022-02-05T13:26:47.609Z"}
error: unhandledRejection: Error: User.hasMany called with something that's not a subclass of Sequelize.Model {"timestamp":"2022-02-05T13:29:01.851Z"}
error: unhandledRejection:  Error: User.hasMany called with something that's not a subclass of Sequelize.Model, [object Promise] {"timestamp":"2022-02-05T13:29:01.852Z"}
error: unhandledRejection: Error [ERR_MODULE_NOT_FOUND]: Cannot find module '/var/nodejs/test/theonetech/src/server/loaders/permission' imported from /var/nodejs/test/theonetech/src/server/routes/resource.js {"timestamp":"2022-02-05T13:29:15.086Z"}
error: unhandledRejection:  Error [ERR_MODULE_NOT_FOUND]: Cannot find module '/var/nodejs/test/theonetech/src/server/loaders/permission' imported from /var/nodejs/test/theonetech/src/server/routes/resource.js, [object Promise] {"timestamp":"2022-02-05T13:29:15.087Z"}
error: unhandledRejection: Error [ERR_MODULE_NOT_FOUND]: Cannot find module '/var/nodejs/test/theonetech/src/server/loaders/permission' imported from /var/nodejs/test/theonetech/src/server/routes/resource.js {"timestamp":"2022-02-05T13:29:32.018Z"}
error: unhandledRejection:  Error [ERR_MODULE_NOT_FOUND]: Cannot find module '/var/nodejs/test/theonetech/src/server/loaders/permission' imported from /var/nodejs/test/theonetech/src/server/routes/resource.js, [object Promise] {"timestamp":"2022-02-05T13:29:32.018Z"}
error: [UserService.logout] TypeError: Cannot read properties of undefined (reading 'findOne') {"timestamp":"2022-02-05T13:30:20.787Z"}
error: [UserService.logout] TypeError: Cannot read properties of undefined (reading 'findOne') {"timestamp":"2022-02-05T13:30:49.065Z"}
error: [UserService.logout] TypeError: Cannot read properties of undefined (reading 'findOne') {"timestamp":"2022-02-05T13:30:53.866Z"}
error: [UserService.logout] TypeError: Cannot read properties of undefined (reading 'findOne') {"timestamp":"2022-02-05T13:31:38.120Z"}
error: [UserService.login] TypeError: Cannot read properties of undefined (reading 'create') {"timestamp":"2022-02-05T13:34:02.356Z"}
error: [UserService.logout] TypeError: Cannot read properties of undefined (reading 'findOne') {"timestamp":"2022-02-05T13:35:22.512Z"}
error: [UserService.logout] TypeError: Cannot read properties of undefined (reading 'findOne') {"timestamp":"2022-02-05T13:35:43.445Z"}
error: [UserService.logout] TypeError: Cannot read properties of undefined (reading 'findOne') {"timestamp":"2022-02-05T13:39:24.462Z"}
error: [UserService.logout] TypeError: Cannot read properties of undefined (reading 'findOne') {"timestamp":"2022-02-05T13:40:11.920Z"}
error: [UserService.logout] TypeError: Cannot read properties of undefined (reading 'findOne') {"timestamp":"2022-02-05T13:41:28.490Z"}
error: [UserService.logout] TypeError: Cannot read properties of undefined (reading 'findOne') {"timestamp":"2022-02-05T13:44:32.559Z"}
error: [UserService.logout] TypeError: Cannot read properties of undefined (reading 'findOne') {"timestamp":"2022-02-05T13:44:48.525Z"}
