info: creating db connection ... {"timestamp":"2022-02-05T10:02:35.258Z"}
info: database connection has been established successfully. {"timestamp":"2022-02-05T10:02:35.321Z"}
info: [server] Listening on port 3000 {"timestamp":"2022-02-05T10:02:35.467Z"}
info: creating db connection ... {"timestamp":"2022-02-05T10:08:10.028Z"}
info: database connection has been established successfully. {"timestamp":"2022-02-05T10:08:10.107Z"}
info: [server] Listening on port 3000 {"timestamp":"2022-02-05T10:08:10.275Z"}
info: creating db connection ... {"timestamp":"2022-02-05T10:29:58.118Z"}
info: database connection has been established successfully. {"timestamp":"2022-02-05T10:29:59.356Z"}
info: [server] Listening on port 3000 {"timestamp":"2022-02-05T10:29:59.512Z"}
info: creating db connection ... {"timestamp":"2022-02-05T10:33:24.478Z"}
info: database connection has been established successfully. {"timestamp":"2022-02-05T10:33:24.542Z"}
info: [server] Listening on port 3000 {"timestamp":"2022-02-05T10:33:24.664Z"}
info: creating db connection ... {"timestamp":"2022-02-05T10:37:02.280Z"}
info: database connection has been established successfully. {"timestamp":"2022-02-05T10:37:02.414Z"}
info: [server] Listening on port 3000 {"timestamp":"2022-02-05T10:37:02.524Z"}
info: creating db connection ... {"timestamp":"2022-02-05T11:06:19.912Z"}
info: database connection has been established successfully. {"timestamp":"2022-02-05T11:06:19.974Z"}
info: [server] Listening on port 3000 {"timestamp":"2022-02-05T11:06:20.092Z"}
info: creating db connection ... {"timestamp":"2022-02-05T11:25:12.393Z"}
info: creating db connection ... {"timestamp":"2022-02-05T11:26:01.895Z"}
info: creating db connection ... {"timestamp":"2022-02-05T11:28:54.486Z"}
info: database connection has been established successfully. {"timestamp":"2022-02-05T11:28:54.579Z"}
info: [server] Listening on port 3000 {"timestamp":"2022-02-05T11:28:54.694Z"}
info: creating db connection ... {"timestamp":"2022-02-05T11:45:40.024Z"}
info: database connection has been established successfully. {"timestamp":"2022-02-05T11:45:40.094Z"}
info: [server] Listening on port 3000 {"timestamp":"2022-02-05T11:45:40.207Z"}
info: creating db connection ... {"timestamp":"2022-02-05T11:57:56.038Z"}
info: database connection has been established successfully. {"timestamp":"2022-02-05T11:57:56.652Z"}
info: [server] Listening on port 3000 {"timestamp":"2022-02-05T11:57:56.811Z"}
info: creating db connection ... {"timestamp":"2022-02-05T12:13:30.596Z"}
info: database connection has been established successfully. {"timestamp":"2022-02-05T12:13:30.694Z"}
info: [server] Listening on port 3000 {"timestamp":"2022-02-05T12:13:30.812Z"}
info: creating db connection ... {"timestamp":"2022-02-05T12:54:05.761Z"}
info: database connection has been established successfully. {"timestamp":"2022-02-05T12:54:05.864Z"}
info: [server] Listening on port 3000 {"timestamp":"2022-02-05T12:54:06.033Z"}
info: [UserService.register] user with given email is already register {"role":"admin","name":"samir admin","email":"admin@gmail.com","phone":"8511494795","password":"admin@user","confirmPassword":"admin@user"} {"timestamp":"2022-02-05T12:57:56.832Z"}
info: [UserService.register] register success {"role":"admin","name":"samir admin","email":"admin1@gmail.com","phone":"8511494795","password":"admin@user","confirmPassword":"admin@user"} {"timestamp":"2022-02-05T12:58:02.055Z"}
info: [UserService.verifyUser] invalid otp {"requestId":"$2b$10$wtPWptnD6GHjxVC2dhmwqO","otp":"4827"} {"timestamp":"2022-02-05T12:58:13.820Z"}
info: [UserService.verifyUser] link invalid {"requestId":"$2b$10$wtPWptnD6GHjxVC2dhmwqO","otp":"5450"} {"timestamp":"2022-02-05T12:58:30.305Z"}
info: [UserService.saveProfile] profile updated {"role":"admin","name":"samir admin1","email":"admin@gmail.com","phone":"8511494795","password":"admin@user","confirmPassword":"admin@user"} {"timestamp":"2022-02-05T13:00:54.791Z"}
info: [UserService.saveProfile] profile updated {"role":"admin","name":"samir admin1111","email":"admin@gmail.com","phone":"8511494795","password":"admin@user","confirmPassword":"admin@user"} {"timestamp":"2022-02-05T13:01:35.122Z"}
info: [UserService.saveProfile] profile updated {"role":"admin","name":"samir admin1111","email":"admin@gmail.com","phone":"8511494795","password":"admin@user1","confirmPassword":"admin@user"} {"timestamp":"2022-02-05T13:01:44.478Z"}
info: [UserService.saveProfile] profile updated {"role":"admin","name":"samir admin1111","email":"admin@gmail.com","phone":"8511494795","password":"admin@user1","confirmPassword":"admin@user1"} {"timestamp":"2022-02-05T13:01:49.040Z"}
info: creating db connection ... {"timestamp":"2022-02-05T13:04:37.270Z"}
info: database connection has been established successfully. {"timestamp":"2022-02-05T13:04:37.365Z"}
info: [server] Listening on port 3000 {"timestamp":"2022-02-05T13:04:37.498Z"}
info: creating db connection ... {"timestamp":"2022-02-05T13:06:40.005Z"}
info: database connection has been established successfully. {"timestamp":"2022-02-05T13:06:40.098Z"}
info: [server] Listening on port 3000 {"timestamp":"2022-02-05T13:06:40.224Z"}
info: [UserService.saveProfile] profile updated {"role":"admin","name":"samir admin1111","email":"admin@gmail.com","phone":"8511494795","password":"admin@user","confirmPassword":"admin@user"} {"timestamp":"2022-02-05T13:06:50.927Z"}
info: [UserService.saveProfile] profile updated {"role":"admin","name":"samir admin1111","email":"admin@gmail.com","phone":"8511494795","password":"admin@user1","confirmPassword":"admin@user1"} {"timestamp":"2022-02-05T13:07:59.433Z"}
info: [UserService.login] invalid password {"email":"admin@gmail.com","password":"admin@user"} {"timestamp":"2022-02-05T13:08:01.986Z"}
info: [UserService.login] invalid password {"email":"admin@gmail.com","password":"admin@user"} {"timestamp":"2022-02-05T13:08:19.915Z"}
info: [UserService.saveProfile] profile updated {"role":"admin","name":"samir admin1111","email":"admin@gmail.com","phone":"8511494795","password":"admin@user","confirmPassword":"admin@user"} {"timestamp":"2022-02-05T13:08:30.798Z"}
info: creating db connection ... {"timestamp":"2022-02-05T13:09:28.859Z"}
info: database connection has been established successfully. {"timestamp":"2022-02-05T13:09:28.956Z"}
info: [server] Listening on port 3000 {"timestamp":"2022-02-05T13:09:29.073Z"}
error: [UserService.delete] SequelizeDatabaseError: invalid input syntax for type uuid: "tt" {"timestamp":"2022-02-05T13:09:31.658Z"}
info: [UserService.delete] user not found {"id":"d00eb1a8-cd8a-4d4e-a3eb-b7fb9f1c897e"} {"timestamp":"2022-02-05T13:09:57.593Z"}
info: creating db connection ... {"timestamp":"2022-02-05T13:10:22.103Z"}
error: unable to connect to the database:  database "test_db" does not exist {"name":"SequelizeConnectionError","original":{"code":"3D000","file":"postinit.c","length":92,"line":"879","name":"error","routine":"InitPostgres","severity":"FATAL"},"parent":{"code":"3D000","file":"postinit.c","length":92,"line":"879","name":"error","routine":"InitPostgres","severity":"FATAL"},"stack":"SequelizeConnectionError: database \"test_db\" does not exist\n    at Client._connectionCallback (/var/nodejs/test/theonetech/node_modules/sequelize/dist/lib/dialects/postgres/connection-manager.js:142:24)\n    at Client._handleErrorWhileConnecting (/var/nodejs/test/theonetech/node_modules/pg/lib/client.js:305:19)\n    at Client._handleErrorMessage (/var/nodejs/test/theonetech/node_modules/pg/lib/client.js:325:19)\n    at Connection.emit (node:events:390:28)\n    at /var/nodejs/test/theonetech/node_modules/pg/lib/connection.js:114:12\n    at Parser.parse (/var/nodejs/test/theonetech/node_modules/pg-protocol/dist/parser.js:40:17)\n    at Socket.<anonymous> (/var/nodejs/test/theonetech/node_modules/pg-protocol/dist/index.js:11:42)\n    at Socket.emit (node:events:390:28)\n    at addChunk (node:internal/streams/readable:315:12)\n    at readableAddChunk (node:internal/streams/readable:289:9)","timestamp":"2022-02-05T13:10:22.184Z"}
error: unhandledRejection: SequelizeConnectionError: database "test_db" does not exist {"timestamp":"2022-02-05T13:10:22.188Z"}
error: unhandledRejection:  SequelizeConnectionError: database "test_db" does not exist, [object Promise] {"timestamp":"2022-02-05T13:10:22.189Z"}
info: creating db connection ... {"timestamp":"2022-02-05T13:10:33.069Z"}
info: database connection has been established successfully. {"timestamp":"2022-02-05T13:10:33.162Z"}
info: [server] Listening on port 3000 {"timestamp":"2022-02-05T13:10:33.276Z"}
info: creating db connection ... {"timestamp":"2022-02-05T13:15:20.998Z"}
info: database connection has been established successfully. {"timestamp":"2022-02-05T13:15:21.091Z"}
info: [server] Listening on port 3000 {"timestamp":"2022-02-05T13:15:21.233Z"}
info: creating db connection ... {"timestamp":"2022-02-05T13:25:20.940Z"}
info: database connection has been established successfully. {"timestamp":"2022-02-05T13:25:21.528Z"}
error: unhandledRejection: Error: User.hasMany called with something that's not a subclass of Sequelize.Model {"timestamp":"2022-02-05T13:25:21.583Z"}
error: unhandledRejection:  Error: User.hasMany called with something that's not a subclass of Sequelize.Model, [object Promise] {"timestamp":"2022-02-05T13:25:21.584Z"}
info: creating db connection ... {"timestamp":"2022-02-05T13:26:47.499Z"}
info: database connection has been established successfully. {"timestamp":"2022-02-05T13:26:47.594Z"}
error: unhandledRejection: Error: User.hasMany called with something that's not a subclass of Sequelize.Model {"timestamp":"2022-02-05T13:26:47.608Z"}
error: unhandledRejection:  Error: User.hasMany called with something that's not a subclass of Sequelize.Model, [object Promise] {"timestamp":"2022-02-05T13:26:47.609Z"}
info: creating db connection ... {"timestamp":"2022-02-05T13:29:01.741Z"}
info: database connection has been established successfully. {"timestamp":"2022-02-05T13:29:01.835Z"}
error: unhandledRejection: Error: User.hasMany called with something that's not a subclass of Sequelize.Model {"timestamp":"2022-02-05T13:29:01.851Z"}
error: unhandledRejection:  Error: User.hasMany called with something that's not a subclass of Sequelize.Model, [object Promise] {"timestamp":"2022-02-05T13:29:01.852Z"}
info: creating db connection ... {"timestamp":"2022-02-05T13:29:14.943Z"}
info: database connection has been established successfully. {"timestamp":"2022-02-05T13:29:15.037Z"}
error: unhandledRejection: Error [ERR_MODULE_NOT_FOUND]: Cannot find module '/var/nodejs/test/theonetech/src/server/loaders/permission' imported from /var/nodejs/test/theonetech/src/server/routes/resource.js {"timestamp":"2022-02-05T13:29:15.086Z"}
error: unhandledRejection:  Error [ERR_MODULE_NOT_FOUND]: Cannot find module '/var/nodejs/test/theonetech/src/server/loaders/permission' imported from /var/nodejs/test/theonetech/src/server/routes/resource.js, [object Promise] {"timestamp":"2022-02-05T13:29:15.087Z"}
info: creating db connection ... {"timestamp":"2022-02-05T13:29:31.901Z"}
info: database connection has been established successfully. {"timestamp":"2022-02-05T13:29:31.995Z"}
error: unhandledRejection: Error [ERR_MODULE_NOT_FOUND]: Cannot find module '/var/nodejs/test/theonetech/src/server/loaders/permission' imported from /var/nodejs/test/theonetech/src/server/routes/resource.js {"timestamp":"2022-02-05T13:29:32.018Z"}
error: unhandledRejection:  Error [ERR_MODULE_NOT_FOUND]: Cannot find module '/var/nodejs/test/theonetech/src/server/loaders/permission' imported from /var/nodejs/test/theonetech/src/server/routes/resource.js, [object Promise] {"timestamp":"2022-02-05T13:29:32.018Z"}
info: creating db connection ... {"timestamp":"2022-02-05T13:30:15.220Z"}
info: database connection has been established successfully. {"timestamp":"2022-02-05T13:30:15.314Z"}
info: [server] Listening on port 3000 {"timestamp":"2022-02-05T13:30:16.369Z"}
error: [UserService.logout] TypeError: Cannot read properties of undefined (reading 'findOne') {"timestamp":"2022-02-05T13:30:20.787Z"}
error: [UserService.logout] TypeError: Cannot read properties of undefined (reading 'findOne') {"timestamp":"2022-02-05T13:30:49.065Z"}
info: creating db connection ... {"timestamp":"2022-02-05T13:30:52.464Z"}
info: database connection has been established successfully. {"timestamp":"2022-02-05T13:30:52.560Z"}
info: [server] Listening on port 3000 {"timestamp":"2022-02-05T13:30:52.697Z"}
error: [UserService.logout] TypeError: Cannot read properties of undefined (reading 'findOne') {"timestamp":"2022-02-05T13:30:53.866Z"}
info: creating db connection ... {"timestamp":"2022-02-05T13:31:36.474Z"}
info: database connection has been established successfully. {"timestamp":"2022-02-05T13:31:36.570Z"}
info: [server] Listening on port 3000 {"timestamp":"2022-02-05T13:31:36.696Z"}
error: [UserService.logout] TypeError: Cannot read properties of undefined (reading 'findOne') {"timestamp":"2022-02-05T13:31:38.120Z"}
info: creating db connection ... {"timestamp":"2022-02-05T13:33:59.389Z"}
info: database connection has been established successfully. {"timestamp":"2022-02-05T13:33:59.492Z"}
info: [server] Listening on port 3000 {"timestamp":"2022-02-05T13:33:59.617Z"}
error: [UserService.login] TypeError: Cannot read properties of undefined (reading 'create') {"timestamp":"2022-02-05T13:34:02.356Z"}
info: creating db connection ... {"timestamp":"2022-02-05T13:34:23.060Z"}
info: database connection has been established successfully. {"timestamp":"2022-02-05T13:34:23.163Z"}
info: [server] Listening on port 3000 {"timestamp":"2022-02-05T13:34:23.291Z"}
error: [UserService.logout] TypeError: Cannot read properties of undefined (reading 'findOne') {"timestamp":"2022-02-05T13:35:22.512Z"}
error: [UserService.logout] TypeError: Cannot read properties of undefined (reading 'findOne') {"timestamp":"2022-02-05T13:35:43.445Z"}
info: creating db connection ... {"timestamp":"2022-02-05T13:38:03.528Z"}
info: database connection has been established successfully. {"timestamp":"2022-02-05T13:38:03.622Z"}
info: [server] Listening on port 3000 {"timestamp":"2022-02-05T13:38:03.754Z"}
error: [UserService.logout] TypeError: Cannot read properties of undefined (reading 'findOne') {"timestamp":"2022-02-05T13:39:24.462Z"}
info: creating db connection ... {"timestamp":"2022-02-05T13:40:07.354Z"}
info: database connection has been established successfully. {"timestamp":"2022-02-05T13:40:07.451Z"}
info: [server] Listening on port 3000 {"timestamp":"2022-02-05T13:40:07.574Z"}
error: [UserService.logout] TypeError: Cannot read properties of undefined (reading 'findOne') {"timestamp":"2022-02-05T13:40:11.920Z"}
info: creating db connection ... {"timestamp":"2022-02-05T13:41:23.398Z"}
info: database connection has been established successfully. {"timestamp":"2022-02-05T13:41:23.493Z"}
info: [server] Listening on port 3000 {"timestamp":"2022-02-05T13:41:23.614Z"}
error: [UserService.logout] TypeError: Cannot read properties of undefined (reading 'findOne') {"timestamp":"2022-02-05T13:41:28.490Z"}
info: creating db connection ... {"timestamp":"2022-02-05T13:42:46.892Z"}
info: database connection has been established successfully. {"timestamp":"2022-02-05T13:42:46.990Z"}
info: [server] Listening on port 3000 {"timestamp":"2022-02-05T13:42:47.111Z"}
info: creating db connection ... {"timestamp":"2022-02-05T13:44:26.236Z"}
info: database connection has been established successfully. {"timestamp":"2022-02-05T13:44:26.332Z"}
info: [server] Listening on port 3000 {"timestamp":"2022-02-05T13:44:26.459Z"}
error: [UserService.logout] TypeError: Cannot read properties of undefined (reading 'findOne') {"timestamp":"2022-02-05T13:44:32.559Z"}
error: [UserService.logout] TypeError: Cannot read properties of undefined (reading 'findOne') {"timestamp":"2022-02-05T13:44:48.525Z"}
info: creating db connection ... {"timestamp":"2022-02-05T13:46:41.585Z"}
info: database connection has been established successfully. {"timestamp":"2022-02-05T13:46:41.688Z"}
info: [server] Listening on port 3000 {"timestamp":"2022-02-05T13:46:41.817Z"}
info: creating db connection ... {"timestamp":"2022-02-05T13:48:56.559Z"}
info: database connection has been established successfully. {"timestamp":"2022-02-05T13:48:56.654Z"}
info: [server] Listening on port 3000 {"timestamp":"2022-02-05T13:48:56.778Z"}
info: [UserService.saveProfile] profile updated {"role":"user","name":"samir admin1111","email":"admin@gmail.com","phone":"8511494795","password":"admin@user","confirmPassword":"admin@user"} {"timestamp":"2022-02-05T13:51:44.018Z"}
info: creating db connection ... {"timestamp":"2022-02-05T13:52:48.307Z"}
info: database connection has been established successfully. {"timestamp":"2022-02-05T13:52:48.401Z"}
info: [server] Listening on port 3000 {"timestamp":"2022-02-05T13:52:48.527Z"}
info: [UserService.saveProfile] profile updated {"role":"admin","name":"samir admin1111","email":"admin@gmail.com","phone":"8511494795","password":"admin@user","confirmPassword":"admin@user"} {"timestamp":"2022-02-05T13:56:49.446Z"}
info: [UserService.login] link user/pass {"email":"admin@gmail.coms","password":"admin@user"} {"timestamp":"2022-02-05T13:57:21.125Z"}
info: [UserService.saveProfile] profile updated {"role":"user","name":"samir admin1111","email":"admin@gmail.com","phone":"8511494795","password":"admin@user","confirmPassword":"admin@user"} {"timestamp":"2022-02-05T13:57:50.069Z"}
